<?xml version="1.0" encoding="UTF-8"?>
<!-- Generated by org.testng.reporters.JUnitXMLReporter -->
<testsuite hostname="Vivek-PC" name="RegressionTesting" tests="4" failures="0" timestamp="26 Jun 2016 13:53:19 GMT" time="87.109" errors="0">
  <testcase name="testHomePage" time="6.696" classname="testcases.VerifyLoginPageWithReports"/>
  <testcase name="testHomePage" time="5.827" classname="testcases.VerifyLoginPageWithReports1"/>
  <testcase name="testHomePage" time="0.013" classname="testcases.VerifyHomePage"/>
  <testcase name="testHomePage" time="5.205" classname="testcases.VerifyLoginPage"/>
</testsuite> <!-- RegressionTesting -->
