<?xml version="1.0" encoding="UTF-8"?>
<testsuite name="TestSuite" time="17.741" tests="4" errors="0" skipped="0" failures="0">
  <properties>
[...]
</properties>
  <testcase name="testHomePage" classname="testcases.VerifyLoginPageWithReports" time="6.697"/>
  <testcase name="testHomePage" classname="testcases.VerifyLoginPageWithReports1" time="5.827"/>
  <testcase name="testHomePage" classname="testcases.VerifyHomePage" time="0.012"/>
  <testcase name="testHomePage" classname="testcases.VerifyLoginPage" time="5.205"/>
</testsuite>