<?xml version="1.0" encoding="UTF-8"?>
<testng-results skipped="0" failed="0" total="1" passed="1">
  <reporter-output>
  </reporter-output>
  <suite name="Default suite" duration-ms="19709" started-at="2016-07-05T23:49:55Z" finished-at="2016-07-05T23:50:15Z">
    <groups>
    </groups>
    <test name="Default test" duration-ms="19709" started-at="2016-07-05T23:49:55Z" finished-at="2016-07-05T23:50:15Z">
      <class name="testcases.VerifyLoginPage">
        <test-method status="PASS" signature="setUp()[pri:0, instance:testcases.VerifyLoginPage@7782d113]" name="setUp" is-config="true" duration-ms="16791" started-at="2016-07-06T05:19:55Z" finished-at="2016-07-06T05:20:12Z">
          <reporter-output>
          </reporter-output>
        </test-method> <!-- setUp -->
        <test-method status="PASS" signature="testHomePage()[pri:0, instance:testcases.VerifyLoginPage@7782d113]" name="testHomePage" duration-ms="1892" started-at="2016-07-06T05:20:12Z" finished-at="2016-07-06T05:20:14Z">
          <reporter-output>
          </reporter-output>
        </test-method> <!-- testHomePage -->
      </class> <!-- testcases.VerifyLoginPage -->
    </test> <!-- Default test -->
  </suite> <!-- Default suite -->
</testng-results>
